 Directory of C:\Users\ANDREIDENISNICOLAIDI\AppData\Local\BeamNG.drive\0.24\temp\shaders\procedural

10/20/2022  08:31 PM    <DIR>          .
10/20/2022  08:31 PM    <DIR>          ..
10/20/2022  08:10 PM             7,426 1009d53363efa8bc_P.hlsl
10/20/2022  08:10 PM             4,483 1009d53363efa8bc_V.hlsl
10/18/2022  04:22 PM            29,416 1016a4209c66e5ba_P.hlsl
10/18/2022  04:22 PM             8,727 1016a4209c66e5ba_V.hlsl
10/20/2022  08:22 PM             9,640 1020b1ad42937b1f_P.hlsl
10/20/2022  08:22 PM             6,013 1020b1ad42937b1f_V.hlsl
10/20/2022  08:10 PM             6,300 102a404ec86904cd_P.hlsl
10/20/2022  08:10 PM             3,601 102a404ec86904cd_V.hlsl
10/18/2022  04:26 PM             9,629 102b52f5dd667bae_P.hlsl
10/18/2022  04:26 PM             5,039 102b52f5dd667bae_V.hlsl
10/20/2022  08:07 PM             6,736 102b9a1e6bf7b5aa_P.hlsl
10/20/2022  08:07 PM             3,897 102b9a1e6bf7b5aa_V.hlsl
10/17/2022  02:55 PM             6,820 10307ee7429c02db_P.hlsl
10/17/2022  02:55 PM             3,691 10307ee7429c02db_V.hlsl
10/18/2022  04:26 PM             9,259 1038721e0f556d04_P.hlsl
10/18/2022  04:26 PM             4,916 1038721e0f556d04_V.hlsl
10/20/2022  08:02 PM             7,490 104269b3ad2bfaa_P.hlsl
10/20/2022  08:02 PM             4,275 104269b3ad2bfaa_V.hlsl
10/20/2022  08:09 PM             7,475 1048c4807988d6fe_P.hlsl
10/20/2022  08:09 PM             4,208 1048c4807988d6fe_V.hlsl
10/17/2022  03:01 PM             8,637 105a6ae5969447ea_P.hlsl
10/17/2022  03:01 PM             5,585 105a6ae5969447ea_V.hlsl
10/20/2022  08:10 PM             7,135 107058c479587a80_P.hlsl
10/20/2022  08:10 PM             4,274 107058c479587a80_V.hlsl
10/18/2022  04:36 PM            16,030 1083330f1d31f037_P.hlsl
10/18/2022  04:36 PM             7,365 1083330f1d31f037_V.hlsl
10/18/2022  04:42 PM             8,218 108d1f03c8e7e5ae_P.hlsl
10/18/2022  04:42 PM             5,402 108d1f03c8e7e5ae_V.hlsl
10/20/2022  07:55 PM             7,687 10b5dd3681fe20e1_P.hlsl
10/20/2022  07:55 PM             5,161 10b5dd3681fe20e1_V.hlsl
10/18/2022  04:22 PM             7,254 10d77aafeef665bd_P.hlsl
10/18/2022  04:22 PM             3,930 10d77aafeef665bd_V.hlsl
10/18/2022  04:36 PM            15,466 10e7e4528ca41966_P.hlsl
10/18/2022  04:36 PM             6,246 10e7e4528ca41966_V.hlsl
07/04/2022  11:57 PM             6,143 10e8fcbce83be42b_P.hlsl
07/04/2022  11:57 PM             3,567 10e8fcbce83be42b_V.hlsl
10/20/2022  08:07 PM             6,951 10f34f8ab2c6178d_P.hlsl
10/20/2022  08:07 PM             3,723 10f34f8ab2c6178d_V.hlsl
07/07/2022  02:34 PM            14,036 10f38b370c86ebe0_P.hlsl
07/07/2022  02:34 PM             7,253 10f38b370c86ebe0_V.hlsl
10/17/2022  02:55 PM             6,058 1109575f019f2bcb_P.hlsl
10/17/2022  02:55 PM             3,249 1109575f019f2bcb_V.hlsl
10/17/2022  02:55 PM            10,218 110c8c6ef388bb34_P.hlsl
10/17/2022  02:55 PM             6,151 110c8c6ef388bb34_V.hlsl
10/18/2022  04:27 PM             5,869 111fe12c2512ff19_P.hlsl
10/18/2022  04:27 PM             2,834 111fe12c2512ff19_V.hlsl
07/12/2022  01:20 PM             7,273 113cea87c229cace_P.hlsl
07/12/2022  01:20 PM             4,297 113cea87c229cace_V.hlsl
10/14/2022  12:41 PM             6,766 11405c8a0931be5b_P.hlsl
10/14/2022  12:41 PM             3,766 11405c8a0931be5b_V.hlsl
07/04/2022  11:29 PM            12,477 1152830f94d3395a_P.hlsl
07/04/2022  11:29 PM             6,887 1152830f94d3395a_V.hlsl
08/17/2022  09:36 PM             7,682 1156c79f98f25960_P.hlsl
08/17/2022  09:36 PM             4,391 1156c79f98f25960_V.hlsl
10/14/2022  12:48 PM             7,164 11b76a80a3db6b83_P.hlsl
10/14/2022  12:48 PM             4,864 11b76a80a3db6b83_V.hlsl
10/20/2022  07:55 PM             5,787 11da52faea5212e1_P.hlsl
10/20/2022  07:55 PM             3,888 11da52faea5212e1_V.hlsl
07/09/2022  08:03 PM             7,438 11ddfbc15064a334_P.hlsl
07/09/2022  08:03 PM             5,087 11ddfbc15064a334_V.hlsl
07/04/2022  11:56 PM             7,004 11e15ea97e8b2d65_P.hlsl
07/04/2022  11:56 PM             3,407 11e15ea97e8b2d65_V.hlsl
10/20/2022  07:55 PM             6,143 11ed0bd7b3515bcb_P.hlsl
10/20/2022  07:55 PM             4,288 11ed0bd7b3515bcb_V.hlsl
07/11/2022  08:23 PM             8,022 121019128c22b0bc_P.hlsl
07/11/2022  08:23 PM             5,348 121019128c22b0bc_V.hlsl
10/20/2022  07:55 PM             5,695 1216ccc95603194f_P.hlsl
10/20/2022  07:55 PM             3,312 1216ccc95603194f_V.hlsl
10/14/2022  12:48 PM             8,019 121dbc54ba7b7a73_P.hlsl
10/14/2022  12:48 PM             4,396 121dbc54ba7b7a73_V.hlsl
10/20/2022  08:08 PM             7,014 122593e6076786e0_P.hlsl
10/20/2022  08:08 PM             4,047 122593e6076786e0_V.hlsl
07/09/2022  08:03 PM            15,070 12298ed58cb2d122_P.hlsl
07/09/2022  08:03 PM             6,115 12298ed58cb2d122_V.hlsl
10/20/2022  07:55 PM             7,117 1235347b08d2738d_P.hlsl
10/20/2022  07:55 PM             4,852 1235347b08d2738d_V.hlsl
07/04/2022  11:57 PM             6,722 123b6b4f3c67bfd8_P.hlsl
07/04/2022  11:57 PM             3,731 123b6b4f3c67bfd8_V.hlsl
10/20/2022  08:02 PM             5,625 123dedf736a25efe_P.hlsl
10/20/2022  08:02 PM             3,177 123dedf736a25efe_V.hlsl
10/20/2022  08:31 PM             9,222 124f22d7bcf3fcbd_P.hlsl
10/20/2022  08:31 PM             4,844 124f22d7bcf3fcbd_V.hlsl
07/04/2022  11:56 PM             5,911 1258388c03fa7d5_P.hlsl
07/04/2022  11:56 PM             2,827 1258388c03fa7d5_V.hlsl
10/17/2022  03:04 PM             9,304 126224cac8fcad5f_P.hlsl
10/17/2022  03:04 PM             4,928 126224cac8fcad5f_V.hlsl
10/18/2022  04:30 PM             7,830 127c84c05979732_P.hlsl
10/18/2022  04:30 PM             5,323 127c84c05979732_V.hlsl
10/20/2022  08:08 PM             7,415 1296f6b64ab34f59_P.hlsl
10/20/2022  08:08 PM             4,228 1296f6b64ab34f59_V.hlsl
07/04/2022  11:56 PM             8,281 12ae1b7f3638738c_P.hlsl
07/04/2022  11:56 PM             4,180 12ae1b7f3638738c_V.hlsl
10/20/2022  07:55 PM             8,132 12b44e3f7df55f47_P.hlsl
10/20/2022  07:55 PM             5,329 12b44e3f7df55f47_V.hlsl
10/20/2022  07:55 PM             5,058 12e76addaf3321fd_P.hlsl
10/20/2022  07:55 PM             2,692 12e76addaf3321fd_V.hlsl
10/20/2022  07:55 PM             6,715 12f921732ff00925_P.hlsl
10/20/2022  07:55 PM             3,697 12f921732ff00925_V.hlsl
07/09/2022  08:03 PM            10,136 130332bb189b92a2_P.hlsl
07/09/2022  08:03 PM             6,241 130332bb189b92a2_V.hlsl
10/18/2022  04:26 PM             6,328 130c12dca95afbf3_P.hlsl
10/18/2022  04:26 PM             3,444 130c12dca95afbf3_V.hlsl
10/20/2022  08:22 PM             8,087 131f2bf257e85335_P.hlsl
10/20/2022  08:22 PM             4,284 131f2bf257e85335_V.hlsl
10/20/2022  07:55 PM             5,046 133b17167172714a_P.hlsl
10/20/2022  07:55 PM             2,259 133b17167172714a_V.hlsl
10/14/2022  12:42 PM             6,518 133b1e480be8a4e6_P.hlsl
10/14/2022  12:42 PM             4,569 133b1e480be8a4e6_V.hlsl
07/04/2022  11:57 PM             6,881 135576ec23cf11df_P.hlsl
07/04/2022  11:57 PM             3,787 135576ec23cf11df_V.hlsl
07/07/2022  02:34 PM             4,849 136b2fe6960fc656_P.hlsl
07/07/2022  02:34 PM             4,182 136b2fe6960fc656_V.hlsl
07/04/2022  11:57 PM             7,071 1380307e732d62fc_P.hlsl
07/04/2022  11:57 PM             4,018 1380307e732d62fc_V.hlsl
10/20/2022  07:55 PM             3,854 1384ec017948d803_P.hlsl
10/20/2022  07:55 PM             2,880 1384ec017948d803_V.hlsl
10/20/2022  07:55 PM            15,466 1396502ad7ab4eb0_P.hlsl
10/20/2022  07:55 PM             6,246 1396502ad7ab4eb0_V.hlsl
10/20/2022  08:07 PM             6,900 13a7ab47ded36b45_P.hlsl
10/20/2022  08:07 PM             3,936 13a7ab47ded36b45_V.hlsl
10/20/2022  07:55 PM             6,993 140acb60f964ee63_P.hlsl
10/20/2022  07:55 PM             3,509 140acb60f964ee63_V.hlsl
10/20/2022  08:08 PM             7,077 140c4480d3db106a_P.hlsl
10/20/2022  08:08 PM             4,078 140c4480d3db106a_V.hlsl
10/20/2022  08:07 PM             6,838 1419f5cdc6577bce_P.hlsl
10/20/2022  08:07 PM             3,203 1419f5cdc6577bce_V.hlsl
10/20/2022  08:22 PM             8,984 142e33154279b737_P.hlsl
10/20/2022  08:22 PM             4,768 142e33154279b737_V.hlsl
10/18/2022  04:23 PM             5,851 1443701c1f494262_P.hlsl
10/18/2022  04:23 PM             3,337 1443701c1f494262_V.hlsl
10/20/2022  08:02 PM             7,167 144eedfbe56e9fd2_P.hlsl
10/20/2022  08:02 PM             4,185 144eedfbe56e9fd2_V.hlsl
10/17/2022  02:55 PM             7,412 1450ab12681c737f_P.hlsl
10/17/2022  02:55 PM             4,192 1450ab12681c737f_V.hlsl
07/04/2022  11:57 PM             6,877 14639f39170faa94_P.hlsl
07/04/2022  11:57 PM             3,781 14639f39170faa94_V.hlsl
10/18/2022  04:23 PM             7,243 149e64f498e6669b_P.hlsl
10/18/2022  04:23 PM             4,093 149e64f498e6669b_V.hlsl
10/20/2022  08:08 PM             4,438 14a2434bedf06e7e_P.hlsl
10/20/2022  08:08 PM             1,965 14a2434bedf06e7e_V.hlsl
10/14/2022  12:42 PM             7,952 14a3a3e07470c0d8_P.hlsl
10/14/2022  12:42 PM             5,294 14a3a3e07470c0d8_V.hlsl
10/18/2022  04:31 PM             7,282 14a7cda52b2989e5_P.hlsl
10/18/2022  04:31 PM             4,182 14a7cda52b2989e5_V.hlsl
10/17/2022  03:16 PM             8,837 14ad3c3cc3733d45_P.hlsl
10/17/2022  03:16 PM             5,511 14ad3c3cc3733d45_V.hlsl
10/18/2022  04:25 PM            15,188 14bfe645ae2d2c21_P.hlsl
10/18/2022  04:25 PM             6,218 14bfe645ae2d2c21_V.hlsl
10/20/2022  08:09 PM             6,352 14c0eccec6e7ee75_P.hlsl
10/20/2022  08:09 PM             3,619 14c0eccec6e7ee75_V.hlsl
10/17/2022  03:03 PM             6,669 14d3f44e5121a8a5_P.hlsl
10/17/2022  03:03 PM             3,876 14d3f44e5121a8a5_V.hlsl
10/20/2022  08:07 PM             6,787 14db860809108d56_P.hlsl
10/20/2022  08:07 PM             3,775 14db860809108d56_V.hlsl
07/04/2022  11:57 PM            10,555 14e28edf83f67492_P.hlsl
07/04/2022  11:57 PM             6,264 14e28edf83f67492_V.hlsl
10/20/2022  07:55 PM             3,321 14ed8d8c135ad8af_P.hlsl
10/20/2022  07:55 PM             2,116 14ed8d8c135ad8af_V.hlsl
10/17/2022  02:55 PM             5,599 14ff0eb49f79c4d1_P.hlsl
10/17/2022  02:55 PM             2,848 14ff0eb49f79c4d1_V.hlsl
10/20/2022  08:07 PM             6,795 15008babbbe0cc69_P.hlsl
10/20/2022  08:07 PM             4,186 15008babbbe0cc69_V.hlsl
10/17/2022  02:55 PM             6,055 1515cd64fda42781_P.hlsl
10/17/2022  02:55 PM             2,859 1515cd64fda42781_V.hlsl
10/20/2022  07:55 PM             7,293 1525c4bdf9500733_P.hlsl
10/20/2022  07:55 PM             4,111 1525c4bdf9500733_V.hlsl
07/11/2022  08:23 PM             8,702 152f1acd5fde7791_P.hlsl
07/11/2022  08:23 PM             5,541 152f1acd5fde7791_V.hlsl
10/18/2022  04:23 PM             4,745 153631e52df571f9_P.hlsl
10/18/2022  04:23 PM             2,229 153631e52df571f9_V.hlsl
10/18/2022  04:23 PM             5,732 153e9a0730ca606c_P.hlsl
10/18/2022  04:23 PM             2,929 153e9a0730ca606c_V.hlsl
10/14/2022  12:41 PM             7,991 15448fa5f53bb5e8_P.hlsl
10/14/2022  12:41 PM             4,213 15448fa5f53bb5e8_V.hlsl
10/20/2022  08:07 PM             6,551 154dd0a754bff1f_P.hlsl
10/20/2022  08:07 PM             3,830 154dd0a754bff1f_V.hlsl
10/20/2022  07:55 PM             5,555 154e18edbec0673e_P.hlsl
10/20/2022  07:55 PM             2,785 154e18edbec0673e_V.hlsl
10/14/2022  12:48 PM            10,019 157f4d9f15f1d14a_P.hlsl
10/14/2022  12:48 PM             5,085 157f4d9f15f1d14a_V.hlsl
07/07/2022  02:52 PM             8,397 157f70d585ccf990_P.hlsl
07/07/2022  02:52 PM             4,529 157f70d585ccf990_V.hlsl
10/20/2022  08:10 PM             8,697 1588b279f4f19dc5_P.hlsl
10/20/2022  08:10 PM             5,551 1588b279f4f19dc5_V.hlsl
10/18/2022  04:27 PM             7,061 158f54075cef215e_P.hlsl
10/18/2022  04:27 PM             3,985 158f54075cef215e_V.hlsl
10/20/2022  08:02 PM             8,031 15a2cd78b5b5a5b2_P.hlsl
10/20/2022  08:02 PM             4,258 15a2cd78b5b5a5b2_V.hlsl
10/18/2022  04:23 PM             5,792 15a8a9038aec1f92_P.hlsl
10/18/2022  04:23 PM             3,276 15a8a9038aec1f92_V.hlsl
10/18/2022  04:22 PM             7,216 15ba44c38b0b6891_P.hlsl
10/18/2022  04:22 PM             4,118 15ba44c38b0b6891_V.hlsl
07/04/2022  11:57 PM             7,051 15baac408568ed4e_P.hlsl
07/04/2022  11:57 PM             3,964 15baac408568ed4e_V.hlsl
10/20/2022  08:09 PM             7,284 15bd627185e4e5da_P.hlsl
10/20/2022  08:09 PM             3,859 15bd627185e4e5da_V.hlsl
10/14/2022  01:03 PM            11,841 15e0661f9e8814c1_P.hlsl
10/14/2022  01:03 PM             5,608 15e0661f9e8814c1_V.hlsl
10/18/2022  04:23 PM             7,238 15f8653006817279_P.hlsl
10/18/2022  04:23 PM             3,914 15f8653006817279_V.hlsl
10/20/2022  08:08 PM             7,144 1616e6bc52da42b0_P.hlsl
10/20/2022  08:08 PM             4,077 1616e6bc52da42b0_V.hlsl
10/17/2022  03:03 PM             8,162 16215ffefcbda077_P.hlsl
10/17/2022  03:03 PM             4,487 16215ffefcbda077_V.hlsl
10/18/2022  04:23 PM             7,193 1622fc2d6ea1ba21_P.hlsl
10/18/2022  04:23 PM             4,043 1622fc2d6ea1ba21_V.hlsl
10/20/2022  07:55 PM             7,979 162fa38776017e31_P.hlsl
10/20/2022  07:55 PM             4,356 162fa38776017e31_V.hlsl
10/20/2022  08:10 PM             7,288 164b2ba9dc46785a_P.hlsl
10/20/2022  08:10 PM             4,872 164b2ba9dc46785a_V.hlsl
10/20/2022  08:31 PM             7,902 164ceb542b77ed5e_P.hlsl
10/20/2022  08:31 PM             5,244 164ceb542b77ed5e_V.hlsl
10/17/2022  03:03 PM             7,718 164dde5569aa5ae1_P.hlsl
10/17/2022  03:03 PM             5,227 164dde5569aa5ae1_V.hlsl
07/05/2022  12:09 AM             9,010 165939d18584129e_P.hlsl
07/05/2022  12:09 AM             5,799 165939d18584129e_V.hlsl
10/20/2022  08:07 PM             3,021 166509e7a1d2fce4_P.hlsl
10/20/2022  08:07 PM             1,942 166509e7a1d2fce4_V.hlsl
10/20/2022  08:08 PM             4,745 16682285350c09ef_P.hlsl
10/20/2022  08:08 PM             2,229 16682285350c09ef_V.hlsl
10/20/2022  08:08 PM             5,449 16690fbc8fa8ac70_P.hlsl
10/20/2022  08:08 PM             2,878 16690fbc8fa8ac70_V.hlsl
10/20/2022  07:55 PM             5,319 167b3aa694e396e7_P.hlsl
10/20/2022  07:55 PM             3,008 167b3aa694e396e7_V.hlsl
10/20/2022  08:09 PM             6,264 168fc82a2ac54c78_P.hlsl
10/20/2022  08:09 PM             4,101 168fc82a2ac54c78_V.hlsl
07/12/2022  01:22 PM            12,987 1697bbb06cba6e90_P.hlsl
07/12/2022  01:22 PM             6,635 1697bbb06cba6e90_V.hlsl
10/20/2022  08:07 PM             6,757 16b23c76b0a1d99a_P.hlsl
10/20/2022  08:07 PM             3,414 16b23c76b0a1d99a_V.hlsl
10/20/2022  08:07 PM             5,778 16bef70a9d330418_P.hlsl
10/20/2022  08:07 PM             2,630 16bef70a9d330418_V.hlsl
10/18/2022  04:31 PM             7,620 16c5ca5d0d076e80_P.hlsl
10/18/2022  04:31 PM             4,178 16c5ca5d0d076e80_V.hlsl
10/18/2022  04:23 PM             7,106 16e4440d6bd4fdb1_P.hlsl
10/18/2022  04:23 PM             3,827 16e4440d6bd4fdb1_V.hlsl
10/18/2022  04:26 PM             6,999 16e7e3729e055650_P.hlsl
10/18/2022  04:26 PM             4,743 16e7e3729e055650_V.hlsl
07/09/2022  10:18 PM             7,065 16fd776eaf8802c_P.hlsl
07/09/2022  10:18 PM             4,022 16fd776eaf8802c_V.hlsl
10/17/2022  02:55 PM             3,955 170513a158b8b26a_P.hlsl
10/17/2022  02:55 PM             2,253 170513a158b8b26a_V.hlsl
10/17/2022  03:04 PM             9,549 1716cba7c4e4787a_P.hlsl
10/17/2022  03:04 PM             5,013 1716cba7c4e4787a_V.hlsl
10/20/2022  08:10 PM             6,649 173156d037abe606_P.hlsl
10/20/2022  08:10 PM             4,580 173156d037abe606_V.hlsl
10/20/2022  07:55 PM             4,200 17354186d682d12c_P.hlsl
10/20/2022  07:55 PM             3,745 17354186d682d12c_V.hlsl
10/20/2022  07:55 PM             8,495 17365fc7e1a83fd3_P.hlsl
10/20/2022  07:55 PM             5,515 17365fc7e1a83fd3_V.hlsl
10/18/2022  04:30 PM            15,178 174029e79280a906_P.hlsl
10/18/2022  04:30 PM             6,288 174029e79280a906_V.hlsl
07/12/2022  01:27 PM            14,044 1750e88420df2efe_P.hlsl
07/12/2022  01:27 PM             7,261 1750e88420df2efe_V.hlsl
07/04/2022  11:57 PM             7,841 176768671c1e8f1_P.hlsl
07/04/2022  11:57 PM             4,388 176768671c1e8f1_V.hlsl
10/18/2022  04:25 PM            12,609 1777b403696ee4ae_P.hlsl
10/18/2022  04:25 PM             5,901 1777b403696ee4ae_V.hlsl
08/17/2022  09:36 PM             9,355 1781ffc897e901c7_P.hlsl
08/17/2022  09:36 PM             4,925 1781ffc897e901c7_V.hlsl
10/18/2022  04:25 PM            10,061 178a8a7069e78a7d_P.hlsl
10/18/2022  04:25 PM             6,183 178a8a7069e78a7d_V.hlsl
07/09/2022  10:18 PM             6,949 17a469c87376c86a_P.hlsl
07/09/2022  10:18 PM             3,794 17a469c87376c86a_V.hlsl
08/17/2022  09:36 PM             8,518 17bc6915a05f4d2a_P.hlsl
08/17/2022  09:36 PM             4,456 17bc6915a05f4d2a_V.hlsl
10/18/2022  04:23 PM             7,005 17cdba5e94517a5b_P.hlsl
10/18/2022  04:23 PM             3,952 17cdba5e94517a5b_V.hlsl
07/04/2022  11:56 PM            33,585 17dc96f7cc46d6b6_P.hlsl
07/04/2022  11:56 PM             9,417 17dc96f7cc46d6b6_V.hlsl
10/20/2022  08:10 PM             7,493 17e15b4ee608945b_P.hlsl
10/20/2022  08:10 PM             5,127 17e15b4ee608945b_V.hlsl
10/18/2022  04:27 PM            14,850 180a4dd10867ad2f_P.hlsl
10/18/2022  04:27 PM             6,186 180a4dd10867ad2f_V.hlsl
10/18/2022  04:22 PM            21,993 181719c273f9a590_P.hlsl
10/18/2022  04:22 PM             8,329 181719c273f9a590_V.hlsl
10/18/2022  04:22 PM             6,934 182c790f06ac208c_P.hlsl
10/18/2022  04:22 PM             3,741 182c790f06ac208c_V.hlsl
10/18/2022  04:23 PM             3,956 183f119f76addb99_P.hlsl
10/18/2022  04:23 PM             2,837 183f119f76addb99_V.hlsl
10/18/2022  04:26 PM            13,986 184c0fbd5ccd1c8a_P.hlsl
10/18/2022  04:26 PM             7,203 184c0fbd5ccd1c8a_V.hlsl
10/20/2022  07:55 PM             6,513 18683272835a9f61_P.hlsl
10/20/2022  07:55 PM             3,667 18683272835a9f61_V.hlsl
10/20/2022  08:22 PM             4,582 18a0f348fa12bfc8_P.hlsl
10/20/2022  08:22 PM             3,903 18a0f348fa12bfc8_V.hlsl
10/18/2022  04:23 PM             7,516 18ab32f66dfdd047_P.hlsl
10/18/2022  04:23 PM             4,705 18ab32f66dfdd047_V.hlsl
10/20/2022  08:22 PM             8,600 18ad599898af2e68_P.hlsl
10/20/2022  08:22 PM             4,644 18ad599898af2e68_V.hlsl
10/20/2022  08:07 PM             3,699 18b30bca9539dce4_P.hlsl
10/20/2022  08:07 PM             2,764 18b30bca9539dce4_V.hlsl
10/20/2022  07:55 PM             7,167 18bbcf200d813282_P.hlsl
10/20/2022  07:55 PM             4,185 18bbcf200d813282_V.hlsl
10/18/2022  04:42 PM             7,744 18bc33763c3acdb0_P.hlsl
10/18/2022  04:42 PM             5,559 18bc33763c3acdb0_V.hlsl
10/20/2022  08:02 PM             6,999 18c6432313a89aed_P.hlsl
10/20/2022  08:02 PM             4,743 18c6432313a89aed_V.hlsl
10/20/2022  07:55 PM             8,637 18d94a246bc4717a_P.hlsl
10/20/2022  07:55 PM             5,585 18d94a246bc4717a_V.hlsl
07/04/2022  11:57 PM             8,381 18de0392de9fba61_P.hlsl
07/04/2022  11:57 PM             4,345 18de0392de9fba61_V.hlsl
10/14/2022  12:42 PM             7,902 18ebedc312db6094_P.hlsl
10/14/2022  12:42 PM             5,244 18ebedc312db6094_V.hlsl
07/05/2022  12:11 AM             8,038 18fd7ce8a11b6101_P.hlsl
07/05/2022  12:11 AM             5,416 18fd7ce8a11b6101_V.hlsl
10/18/2022  04:26 PM             7,659 18fffedca375ffb_P.hlsl
10/18/2022  04:26 PM             4,167 18fffedca375ffb_V.hlsl
07/04/2022  11:29 PM             9,986 192187ff679619c1_P.hlsl
07/04/2022  11:29 PM             6,026 192187ff679619c1_V.hlsl
10/20/2022  08:09 PM             6,777 1924855ca5331b65_P.hlsl
10/20/2022  08:09 PM             3,689 1924855ca5331b65_V.hlsl
10/14/2022  01:03 PM            10,354 1927c3ed06e729cf_P.hlsl
10/14/2022  01:03 PM             6,297 1927c3ed06e729cf_V.hlsl
10/17/2022  03:03 PM             8,313 192caccc12c04da1_P.hlsl
10/17/2022  03:03 PM             5,567 192caccc12c04da1_V.hlsl
10/20/2022  08:31 PM             9,451 19418e86e726d0c7_P.hlsl
10/20/2022  08:31 PM             5,980 19418e86e726d0c7_V.hlsl
10/20/2022  08:07 PM             7,819 194a770f6208bb2e_P.hlsl
10/20/2022  08:07 PM             4,270 194a770f6208bb2e_V.hlsl
07/04/2022  11:57 PM             6,945 1950b58c98deafe6_P.hlsl
07/04/2022  11:57 PM             3,853 1950b58c98deafe6_V.hlsl
07/04/2022  11:57 PM             6,947 1971bd3a4f0eb540_P.hlsl
07/04/2022  11:57 PM             3,853 1971bd3a4f0eb540_V.hlsl
10/17/2022  02:55 PM             7,632 1971f109d096f5bd_P.hlsl
10/17/2022  02:55 PM             4,341 1971f109d096f5bd_V.hlsl
10/20/2022  08:10 PM             8,163 1984d8bb203bc49c_P.hlsl
10/20/2022  08:10 PM             5,742 1984d8bb203bc49c_V.hlsl
10/17/2022  02:55 PM             7,625 198648fb64f43a32_P.hlsl
10/17/2022  02:55 PM             4,217 198648fb64f43a32_V.hlsl
10/17/2022  02:55 PM             8,125 1998ed13919c5510_P.hlsl
10/17/2022  02:55 PM             4,430 1998ed13919c5510_V.hlsl
10/14/2022  12:42 PM             9,839 199dc6abd8cb595_P.hlsl
10/14/2022  12:42 PM             6,123 199dc6abd8cb595_V.hlsl
10/20/2022  07:55 PM             4,575 19a22a83f95af63f_P.hlsl
10/20/2022  07:55 PM             2,235 19a22a83f95af63f_V.hlsl
07/04/2022  11:57 PM             7,213 19a321a71d042970_P.hlsl
07/04/2022  11:57 PM             4,045 19a321a71d042970_V.hlsl
10/20/2022  08:09 PM             6,807 19b0ecb23189a5fa_P.hlsl
10/20/2022  08:09 PM             3,912 19b0ecb23189a5fa_V.hlsl
10/20/2022  08:31 PM            15,686 19cc5c413e022fd5_P.hlsl
10/20/2022  08:31 PM             7,415 19cc5c413e022fd5_V.hlsl
07/09/2022  08:03 PM             6,840 19d56816c3a68355_P.hlsl
07/09/2022  08:03 PM             3,896 19d56816c3a68355_V.hlsl
10/18/2022  04:23 PM             7,056 19e54491186dbaef_P.hlsl
10/18/2022  04:23 PM             3,777 19e54491186dbaef_V.hlsl
10/17/2022  03:03 PM             7,693 1a347eccf2470e39_P.hlsl
10/17/2022  03:03 PM             4,426 1a347eccf2470e39_V.hlsl
07/04/2022  03:50 PM            13,145 1a48cb8013f47592_P.hlsl
07/04/2022  03:50 PM             7,080 1a48cb8013f47592_V.hlsl
10/18/2022  04:23 PM             7,286 1a4b7e73738cf313_P.hlsl
10/18/2022  04:23 PM             4,575 1a4b7e73738cf313_V.hlsl
10/14/2022  12:41 PM             8,144 1a4ba86d90cffd28_P.hlsl
10/14/2022  12:41 PM             4,314 1a4ba86d90cffd28_V.hlsl
10/20/2022  07:55 PM             6,734 1a5d776bee25cc6f_P.hlsl
10/20/2022  07:55 PM             4,637 1a5d776bee25cc6f_V.hlsl
10/20/2022  08:10 PM             7,393 1a677ab678bdd9a2_P.hlsl
10/20/2022  08:10 PM             4,962 1a677ab678bdd9a2_V.hlsl
10/20/2022  08:22 PM             9,104 1a695190144e902d_P.hlsl
10/20/2022  08:22 PM             4,834 1a695190144e902d_V.hlsl
07/05/2022  12:11 AM             7,828 1a75cf776d697126_P.hlsl
07/05/2022  12:11 AM             4,271 1a75cf776d697126_V.hlsl
08/17/2022  09:36 PM             7,631 1a7c1476c55f34e5_P.hlsl
08/17/2022  09:36 PM             4,153 1a7c1476c55f34e5_V.hlsl
07/11/2022  08:23 PM             8,753 1a82d5f2c0474bf1_P.hlsl
07/11/2022  08:23 PM             5,658 1a82d5f2c0474bf1_V.hlsl
10/20/2022  07:55 PM            10,614 1a8668fe357557b_P.hlsl
10/20/2022  07:55 PM             5,130 1a8668fe357557b_V.hlsl
10/18/2022  04:23 PM             7,584 1aa72e062f19d1e1_P.hlsl
10/18/2022  04:23 PM             3,348 1aa72e062f19d1e1_V.hlsl
10/20/2022  08:02 PM             8,687 1ab395fb1d85d065_P.hlsl
10/20/2022  08:02 PM             5,635 1ab395fb1d85d065_V.hlsl
10/18/2022  04:24 PM             9,839 1abdb2d881c42211_P.hlsl
10/18/2022  04:24 PM             6,123 1abdb2d881c42211_V.hlsl
07/12/2022  01:19 PM            13,145 1af7f4cf3df04a4d_P.hlsl
07/12/2022  01:19 PM             7,080 1af7f4cf3df04a4d_V.hlsl
10/20/2022  08:02 PM             8,681 1b0c214242ddc31f_P.hlsl
10/20/2022  08:02 PM             4,716 1b0c214242ddc31f_V.hlsl
10/14/2022  12:48 PM             7,217 1b2e120d25471936_P.hlsl
10/14/2022  12:48 PM             5,017 1b2e120d25471936_V.hlsl
10/17/2022  02:57 PM            16,024 1b466f68efbf4482_P.hlsl
10/17/2022  02:57 PM             7,447 1b466f68efbf4482_V.hlsl
10/20/2022  07:55 PM             5,642 1b48e23ba28b45a1_P.hlsl
10/20/2022  07:55 PM             3,448 1b48e23ba28b45a1_V.hlsl
10/20/2022  07:55 PM             7,088 1b4af8d2aa2c9f7b_P.hlsl
10/20/2022  07:55 PM             3,530 1b4af8d2aa2c9f7b_V.hlsl
10/17/2022  02:55 PM             6,057 1b4d8d708b7ac25e_P.hlsl
10/17/2022  02:55 PM             3,459 1b4d8d708b7ac25e_V.hlsl
07/07/2022  02:32 PM            16,180 1b4fab58a29ca740_P.hlsl
07/07/2022  02:32 PM             7,580 1b4fab58a29ca740_V.hlsl
10/20/2022  08:07 PM             6,993 1b5f60a1cce573ce_P.hlsl
10/20/2022  08:07 PM             3,456 1b5f60a1cce573ce_V.hlsl
07/05/2022  12:11 AM             8,088 1b61b241e12b99f6_P.hlsl
07/05/2022  12:11 AM             5,466 1b61b241e12b99f6_V.hlsl
10/18/2022  04:23 PM             7,170 1b6f0d15b23e0f0b_P.hlsl
10/18/2022  04:23 PM             4,086 1b6f0d15b23e0f0b_V.hlsl
07/04/2022  11:56 PM             6,569 1b8270dd184fc8b1_P.hlsl
07/04/2022  11:56 PM             3,286 1b8270dd184fc8b1_V.hlsl
10/20/2022  07:55 PM             7,259 1b8fc89cd0887b69_P.hlsl
10/20/2022  07:55 PM             4,922 1b8fc89cd0887b69_V.hlsl
10/17/2022  02:55 PM             6,890 1ba964ff3adde329_P.hlsl
10/17/2022  02:55 PM             3,899 1ba964ff3adde329_V.hlsl
07/12/2022  01:19 PM             7,682 1bc8105a13e9e689_P.hlsl
07/12/2022  01:19 PM             4,391 1bc8105a13e9e689_V.hlsl
10/18/2022  04:23 PM             5,832 1bca9b6e9a7bcba1_P.hlsl
10/18/2022  04:23 PM             2,800 1bca9b6e9a7bcba1_V.hlsl
10/20/2022  08:09 PM             7,380 1bd9daefb0686aa9_P.hlsl
10/20/2022  08:09 PM             4,129 1bd9daefb0686aa9_V.hlsl
10/20/2022  08:22 PM            16,074 1bf25738c66bf863_P.hlsl
10/20/2022  08:22 PM             7,497 1bf25738c66bf863_V.hlsl
10/20/2022  07:55 PM            16,452 1c01acf773086ed0_P.hlsl
10/20/2022  07:55 PM             7,690 1c01acf773086ed0_V.hlsl
10/20/2022  08:08 PM             5,334 1c099d20b50a36c_P.hlsl
10/20/2022  08:08 PM             2,685 1c099d20b50a36c_V.hlsl
10/14/2022  12:41 PM             8,053 1c1331200a5fa995_P.hlsl
10/14/2022  12:41 PM             4,442 1c1331200a5fa995_V.hlsl
10/14/2022  12:41 PM             8,342 1c1d0a3c8c6cc687_P.hlsl
10/14/2022  12:41 PM             4,408 1c1d0a3c8c6cc687_V.hlsl
10/20/2022  08:07 PM             7,406 1c2953932c3d7718_P.hlsl
10/20/2022  08:07 PM             3,286 1c2953932c3d7718_V.hlsl
10/20/2022  08:07 PM             3,259 1c2b28ab949bc3ae_P.hlsl
10/20/2022  08:07 PM             2,551 1c2b28ab949bc3ae_V.hlsl
10/20/2022  07:55 PM             4,098 1c37c379dff1acfb_P.hlsl
10/20/2022  07:55 PM             3,567 1c37c379dff1acfb_V.hlsl
10/17/2022  03:03 PM             8,213 1c3fbb61ddf75a1a_P.hlsl
10/17/2022  03:03 PM             5,402 1c3fbb61ddf75a1a_V.hlsl
10/20/2022  08:09 PM             6,257 1c59969151eeac63_P.hlsl
10/20/2022  08:09 PM             3,465 1c59969151eeac63_V.hlsl
10/20/2022  08:10 PM            13,994 1c5e10d7c3926464_P.hlsl
10/20/2022  08:10 PM             7,211 1c5e10d7c3926464_V.hlsl
10/17/2022  02:55 PM             7,600 1c6ecabf3825ac22_P.hlsl
10/17/2022  02:55 PM             4,271 1c6ecabf3825ac22_V.hlsl
10/20/2022  07:55 PM             7,589 1c788cdb5b081a10_P.hlsl
10/20/2022  07:55 PM             4,097 1c788cdb5b081a10_V.hlsl
10/20/2022  08:22 PM             9,208 1c7d52bf28143768_P.hlsl
10/20/2022  08:22 PM             5,823 1c7d52bf28143768_V.hlsl
07/04/2022  11:57 PM            16,082 1cad4d2f91b97bd6_P.hlsl
07/04/2022  11:57 PM             7,505 1cad4d2f91b97bd6_V.hlsl
10/17/2022  02:55 PM             3,061 1caf39bf550f68f9_P.hlsl
10/17/2022  02:55 PM             1,676 1caf39bf550f68f9_V.hlsl
10/20/2022  08:09 PM             7,215 1cb82eb9c17e26ba_P.hlsl
10/20/2022  08:09 PM             4,113 1cb82eb9c17e26ba_V.hlsl
10/18/2022  04:22 PM             7,170 1cb8e353dc94624d_P.hlsl
10/18/2022  04:22 PM             3,883 1cb8e353dc94624d_V.hlsl
10/20/2022  07:55 PM             7,567 1cbd3f2823c84ce_P.hlsl
10/20/2022  07:55 PM             3,761 1cbd3f2823c84ce_V.hlsl
10/20/2022  07:55 PM             7,217 1ce3cc59c9f1e006_P.hlsl
10/20/2022  07:55 PM             5,017 1ce3cc59c9f1e006_V.hlsl
10/18/2022  04:23 PM             5,555 1ce5e33a21bd3707_P.hlsl
10/18/2022  04:23 PM             3,091 1ce5e33a21bd3707_V.hlsl
10/20/2022  08:07 PM            23,657 1d0e7a8c698ddb79_P.hlsl
10/20/2022  08:07 PM             8,703 1d0e7a8c698ddb79_V.hlsl
07/09/2022  08:03 PM             6,890 1d299d9bc3991b54_P.hlsl
07/09/2022  08:03 PM             3,946 1d299d9bc3991b54_V.hlsl
10/18/2022  04:42 PM             7,496 1d332d0c0cb0913c_P.hlsl
10/18/2022  04:42 PM             4,965 1d332d0c0cb0913c_V.hlsl
10/17/2022  02:55 PM             7,675 1d41b8d3e38d586e_P.hlsl
10/17/2022  02:55 PM             4,267 1d41b8d3e38d586e_V.hlsl
10/20/2022  07:55 PM             3,962 1d498170caf23ca2_P.hlsl
10/20/2022  07:55 PM             3,136 1d498170caf23ca2_V.hlsl
10/17/2022  03:04 PM             9,254 1d5bfbb378decb53_P.hlsl
10/17/2022  03:04 PM             4,878 1d5bfbb378decb53_V.hlsl
10/20/2022  08:10 PM             7,259 1d5e562ef493de72_P.hlsl
10/20/2022  08:10 PM             4,892 1d5e562ef493de72_V.hlsl
10/20/2022  08:08 PM             7,505 1d601bad2b5c6966_P.hlsl
10/20/2022  08:08 PM             4,056 1d601bad2b5c6966_V.hlsl
10/18/2022  04:22 PM             6,442 1d61560f3961a662_P.hlsl
10/18/2022  04:22 PM             3,416 1d61560f3961a662_V.hlsl
10/17/2022  02:55 PM             7,841 1d778a10cdebc35c_P.hlsl
10/17/2022  02:55 PM             3,998 1d778a10cdebc35c_V.hlsl
10/18/2022  04:22 PM             6,877 1d7f51794b9a5696_P.hlsl
10/18/2022  04:22 PM             3,936 1d7f51794b9a5696_V.hlsl
10/20/2022  07:55 PM             8,078 1d8995d33a13902a_P.hlsl
10/20/2022  07:55 PM             4,258 1d8995d33a13902a_V.hlsl
07/07/2022  02:37 PM            15,220 1d8e75c82b243ee6_P.hlsl
07/07/2022  02:37 PM             6,330 1d8e75c82b243ee6_V.hlsl
07/04/2022  11:39 PM             8,029 1d9f3bc5cfad5ea5_P.hlsl
07/04/2022  11:39 PM             4,406 1d9f3bc5cfad5ea5_V.hlsl
10/18/2022  04:22 PM             5,257 1dac3cf8d6798595_P.hlsl
10/18/2022  04:22 PM             2,908 1dac3cf8d6798595_V.hlsl
07/05/2022  12:11 AM             7,369 1db04041a5122106_P.hlsl
07/05/2022  12:11 AM             5,067 1db04041a5122106_V.hlsl
07/11/2022  08:23 PM             8,167 1dc4dbc5aa96c692_P.hlsl
07/11/2022  08:23 PM             4,429 1dc4dbc5aa96c692_V.hlsl
10/20/2022  08:07 PM             7,525 1dd276d9a913d25c_P.hlsl
10/20/2022  08:07 PM             4,052 1dd276d9a913d25c_V.hlsl
10/20/2022  08:08 PM             7,517 1dd50cc3a9c9aca3_P.hlsl
10/20/2022  08:08 PM             3,998 1dd50cc3a9c9aca3_V.hlsl
10/18/2022  04:26 PM             8,687 1de2f9b8aba1a52_P.hlsl
10/18/2022  04:26 PM             5,635 1de2f9b8aba1a52_V.hlsl
07/04/2022  11:57 PM             7,051 1df760f6b5abf70_P.hlsl
07/04/2022  11:57 PM             4,458 1df760f6b5abf70_V.hlsl
07/04/2022  11:29 PM            17,570 1e03ed0f8a4a71bf_P.hlsl
07/04/2022  11:29 PM             5,979 1e03ed0f8a4a71bf_V.hlsl
10/17/2022  02:55 PM             6,045 1e12a6693bab2a44_P.hlsl
10/17/2022  02:55 PM             3,477 1e12a6693bab2a44_V.hlsl
07/09/2022  08:03 PM             8,117 1e2951aac77f5ac6_P.hlsl
07/09/2022  08:03 PM             4,379 1e2951aac77f5ac6_V.hlsl
10/20/2022  08:09 PM             6,607 1e5b8071db98f78a_P.hlsl
10/20/2022  08:09 PM             3,807 1e5b8071db98f78a_V.hlsl
10/17/2022  02:55 PM             6,435 1e743e11a150bb5b_P.hlsl
10/17/2022  02:55 PM             3,650 1e743e11a150bb5b_V.hlsl
07/04/2022  11:56 PM             6,817 1e828d53e6e39791_P.hlsl
07/04/2022  11:56 PM             3,373 1e828d53e6e39791_V.hlsl
10/20/2022  08:31 PM             7,952 1e87784648c2b6aa_P.hlsl
10/20/2022  08:31 PM             5,294 1e87784648c2b6aa_V.hlsl
10/18/2022  04:22 PM             6,697 1e8a9ff92831445b_P.hlsl
10/18/2022  04:22 PM             3,824 1e8a9ff92831445b_V.hlsl
10/18/2022  04:23 PM             6,951 1edb57245bd2ef29_P.hlsl
10/18/2022  04:23 PM             3,717 1edb57245bd2ef29_V.hlsl
10/17/2022  03:04 PM            15,213 1edd5486903d11e6_P.hlsl
10/17/2022  03:04 PM             7,187 1edd5486903d11e6_V.hlsl
07/12/2022  01:19 PM             9,368 1ee57960c79586d9_P.hlsl
07/12/2022  01:19 PM             5,917 1ee57960c79586d9_V.hlsl
10/20/2022  07:55 PM             7,686 1eee7f53028264d1_P.hlsl
10/20/2022  07:55 PM             5,220 1eee7f53028264d1_V.hlsl
10/18/2022  04:31 PM             7,979 1ef71b2580214fdb_P.hlsl
10/18/2022  04:31 PM             4,356 1ef71b2580214fdb_V.hlsl
07/04/2022  11:57 PM             8,452 1efd972646762b40_P.hlsl
07/04/2022  11:57 PM             4,390 1efd972646762b40_V.hlsl
07/09/2022  10:19 PM             6,834 1f0d0071ce7bee3_P.hlsl
07/09/2022  10:19 PM             3,870 1f0d0071ce7bee3_V.hlsl
07/04/2022  11:56 PM             6,921 1f1fdd981087d584_P.hlsl
07/04/2022  11:56 PM             3,803 1f1fdd981087d584_V.hlsl
10/14/2022  12:41 PM             7,600 1f365b5249a1b1f7_P.hlsl
10/14/2022  12:41 PM             4,271 1f365b5249a1b1f7_V.hlsl
10/20/2022  08:07 PM             6,269 1f56b089c37cd57f_P.hlsl
10/20/2022  08:07 PM             3,089 1f56b089c37cd57f_V.hlsl
10/14/2022  12:48 PM             8,690 1f5f318766c8dc3c_P.hlsl
10/14/2022  12:48 PM             5,610 1f5f318766c8dc3c_V.hlsl
10/20/2022  07:55 PM             6,596 1f71916b00923489_P.hlsl
10/20/2022  07:55 PM             3,699 1f71916b00923489_V.hlsl
10/17/2022  02:57 PM            12,987 1ff309b1c3014f0a_P.hlsl
10/17/2022  02:57 PM             6,635 1ff309b1c3014f0a_V.hlsl
10/18/2022  04:23 PM             6,644 1ff8fbc6d7bf72a9_P.hlsl
10/18/2022  04:23 PM             3,756 1ff8fbc6d7bf72a9_V.hlsl
10/17/2022  02:55 PM             6,335 2005f85107009e58_P.hlsl
10/17/2022  02:55 PM             3,485 2005f85107009e58_V.hlsl
10/17/2022  03:04 PM             9,985 201a067645e5ea40_P.hlsl
10/17/2022  03:04 PM             6,027 201a067645e5ea40_V.hlsl
10/14/2022  01:03 PM            12,477 2030489cdd90cce6_P.hlsl
10/14/2022  01:03 PM             6,887 2030489cdd90cce6_V.hlsl
10/17/2022  03:16 PM            13,408 20434d4194c85bed_P.hlsl
10/17/2022  03:16 PM             5,982 20434d4194c85bed_V.hlsl
10/17/2022  03:03 PM             8,112 204695983e044cfe_P.hlsl
10/17/2022  03:03 PM             4,437 204695983e044cfe_V.hlsl
10/18/2022  04:22 PM             7,345 20728d30c477534a_P.hlsl
10/18/2022  04:22 PM             4,202 20728d30c477534a_V.hlsl
07/04/2022  11:57 PM            16,032 207cd46232961e6b_P.hlsl
07/04/2022  11:57 PM             7,455 207cd46232961e6b_V.hlsl
07/09/2022  07:55 PM            13,458 20826af5e43a6eb3_P.hlsl
07/09/2022  07:55 PM             6,032 20826af5e43a6eb3_V.hlsl
10/14/2022  12:48 PM             7,686 209ca3ebc7ae03b3_P.hlsl
10/14/2022  12:48 PM             5,220 209ca3ebc7ae03b3_V.hlsl
10/20/2022  07:55 PM             5,880 209cd7ea5eeb4eb8_P.hlsl
10/20/2022  07:55 PM             4,057 209cd7ea5eeb4eb8_V.hlsl
10/18/2022  04:22 PM             6,490 20a211d76ce27949_P.hlsl
10/18/2022  04:22 PM             3,263 20a211d76ce27949_V.hlsl
07/11/2022  08:23 PM             7,052 20c284a78efb399e_P.hlsl
07/11/2022  08:23 PM             3,930 20c284a78efb399e_V.hlsl
10/20/2022  07:55 PM             8,637 20cccd28c4a6dbff_P.hlsl
10/20/2022  07:55 PM             5,585 20cccd28c4a6dbff_V.hlsl
10/17/2022  02:55 PM             7,108 20e6bbb9852a00e7_P.hlsl
10/17/2022  02:55 PM             4,029 20e6bbb9852a00e7_V.hlsl
10/20/2022  07:55 PM             3,543 20e8a65c0e8fa2ea_P.hlsl
10/20/2022  07:55 PM             2,495 20e8a65c0e8fa2ea_V.hlsl
10/17/2022  02:55 PM             7,968 20fcec995efe12b4_P.hlsl
10/17/2022  02:55 PM             5,389 20fcec995efe12b4_V.hlsl
10/20/2022  07:55 PM             7,787 20fe404eb6e611c7_P.hlsl
10/20/2022  07:55 PM             5,326 20fe404eb6e611c7_V.hlsl
10/20/2022  08:02 PM             6,379 2107775ba6aae10a_P.hlsl
10/20/2022  08:02 PM             3,602 2107775ba6aae10a_V.hlsl
10/14/2022  12:41 PM             6,893 210c838acc266a26_P.hlsl
10/14/2022  12:41 PM             4,415 210c838acc266a26_V.hlsl
10/20/2022  08:09 PM             7,489 2125ceacb347d955_P.hlsl
10/20/2022  08:09 PM             4,156 2125ceacb347d955_V.hlsl
10/20/2022  08:07 PM             6,077 213c7fc082c82b7e_P.hlsl
10/20/2022  08:07 PM             3,901 213c7fc082c82b7e_V.hlsl
07/04/2022  11:29 PM             8,604 214ca49076ac2534_P.hlsl
07/04/2022  11:29 PM             4,648 214ca49076ac2534_V.hlsl
10/20/2022  08:07 PM             7,208 215a11efa2d051ad_P.hlsl
10/20/2022  08:07 PM             3,496 215a11efa2d051ad_V.hlsl
10/20/2022  08:07 PM             6,731 215eba2a7943ac88_P.hlsl
10/20/2022  08:07 PM             3,751 215eba2a7943ac88_V.hlsl
10/20/2022  08:10 PM             6,948 21639e36864a1d29_P.hlsl
10/20/2022  08:10 PM             4,907 21639e36864a1d29_V.hlsl
10/17/2022  02:55 PM             6,533 216f47eec994b9de_P.hlsl
10/17/2022  02:55 PM             3,183 216f47eec994b9de_V.hlsl
10/18/2022  04:23 PM             9,462 218144301d4fd0df_P.hlsl
10/18/2022  04:23 PM             5,950 218144301d4fd0df_V.hlsl
07/11/2022  08:23 PM             7,315 2182e69a2557e4e7_P.hlsl
07/11/2022  08:23 PM             4,098 2182e69a2557e4e7_V.hlsl
07/12/2022  01:20 PM             8,701 21c07789b453f981_P.hlsl
07/12/2022  01:20 PM             4,466 21c07789b453f981_V.hlsl
10/20/2022  08:07 PM             7,187 21c42a13e5f34b44_P.hlsl
10/20/2022  08:07 PM             3,817 21c42a13e5f34b44_V.hlsl
08/17/2022  09:36 PM             9,255 21ca225d4a30bb96_P.hlsl
08/17/2022  09:36 PM             4,760 21ca225d4a30bb96_V.hlsl
10/14/2022  12:41 PM             7,013 21ca249810615283_P.hlsl
10/14/2022  12:41 PM             3,895 21ca249810615283_V.hlsl
07/12/2022  01:19 PM            13,195 21cbe35d5957a9ae_P.hlsl
07/12/2022  01:19 PM             7,130 21cbe35d5957a9ae_V.hlsl
07/04/2022  11:56 PM             5,966 21da692fb2ab670f_P.hlsl
07/04/2022  11:56 PM             3,087 21da692fb2ab670f_V.hlsl
10/20/2022  08:31 PM            12,987 21e5d014e774a698_P.hlsl
10/20/2022  08:31 PM             6,635 21e5d014e774a698_V.hlsl
10/17/2022  02:55 PM             6,622 21fbe5ed3d633538_P.hlsl
10/17/2022  02:55 PM             3,812 21fbe5ed3d633538_V.hlsl
10/20/2022  08:07 PM             7,907 220f266e0ea4ef15_P.hlsl
10/20/2022  08:07 PM             4,064 220f266e0ea4ef15_V.hlsl
10/20/2022  07:55 PM            10,671 22116159a7151d6e_P.hlsl
10/20/2022  07:55 PM             4,684 22116159a7151d6e_V.hlsl
10/17/2022  02:55 PM             7,441 2220d37bdc79ad74_P.hlsl
10/17/2022  02:55 PM             4,130 2220d37bdc79ad74_V.hlsl
07/04/2022  11:57 PM             7,375 2224d852c8473441_P.hlsl
07/04/2022  11:57 PM             4,064 2224d852c8473441_V.hlsl
07/07/2022  02:35 PM             9,421 223f1a382dea75a9_P.hlsl
07/07/2022  02:35 PM             4,841 223f1a382dea75a9_V.hlsl
10/18/2022  04:23 PM             4,739 227703f458c73b98_P.hlsl
10/18/2022  04:23 PM             2,460 227703f458c73b98_V.hlsl
10/20/2022  08:22 PM             8,167 227cc9df5157ecd8_P.hlsl
10/20/2022  08:22 PM             4,429 227cc9df5157ecd8_V.hlsl
10/20/2022  07:55 PM            15,566 228dd4cc2e4094db_P.hlsl
10/20/2022  07:55 PM             6,411 228dd4cc2e4094db_V.hlsl
10/20/2022  08:09 PM             5,592 229bc007d8c197e3_P.hlsl
10/20/2022  08:09 PM             2,983 229bc007d8c197e3_V.hlsl
07/04/2022  11:57 PM             6,511 22a65c15ac8079b4_P.hlsl
07/04/2022  11:57 PM             3,675 22a65c15ac8079b4_V.hlsl
10/20/2022  08:07 PM             7,756 22a831341db24548_P.hlsl
10/20/2022  08:07 PM             4,000 22a831341db24548_V.hlsl
07/04/2022  11:57 PM             7,775 22bc1d58c11b9ab1_P.hlsl
07/04/2022  11:57 PM             4,099 22bc1d58c11b9ab1_V.hlsl
10/20/2022  08:09 PM             6,940 22cbdb1cc1efdf17_P.hlsl
10/20/2022  08:09 PM             3,988 22cbdb1cc1efdf17_V.hlsl
10/14/2022  12:59 PM            16,402 23218204469b0e1b_P.hlsl
10/14/2022  12:59 PM             7,640 23218204469b0e1b_V.hlsl
10/18/2022  04:27 PM             5,819 232ad1174c7cc681_P.hlsl
10/18/2022  04:27 PM             2,784 232ad1174c7cc681_V.hlsl
10/20/2022  07:55 PM             5,903 23406be4485c64fb_P.hlsl
10/20/2022  07:55 PM             3,405 23406be4485c64fb_V.hlsl
10/18/2022  04:26 PM             6,536 2363d2d003dbe8b7_P.hlsl
10/18/2022  04:26 PM             3,537 2363d2d003dbe8b7_V.hlsl
10/17/2022  02:55 PM             8,160 237650b1a6f9c92a_P.hlsl
10/17/2022  02:55 PM             4,148 237650b1a6f9c92a_V.hlsl
07/09/2022  10:18 PM             8,136 23821e536940324c_P.hlsl
07/09/2022  10:18 PM             4,473 23821e536940324c_V.hlsl
10/20/2022  08:07 PM             7,021 23b601620c00bbb0_P.hlsl
10/20/2022  08:07 PM             3,968 23b601620c00bbb0_V.hlsl
10/20/2022  08:02 PM             7,170 23dadbcaa396ba1e_P.hlsl
10/20/2022  08:02 PM             4,086 23dadbcaa396ba1e_V.hlsl
10/14/2022  01:03 PM             5,238 23de541ede35ff65_P.hlsl
10/14/2022  01:03 PM             3,140 23de541ede35ff65_V.hlsl
10/18/2022  04:25 PM            15,924 240e4441b7afd64d_P.hlsl
10/18/2022  04:25 PM             7,282 240e4441b7afd64d_V.hlsl
10/20/2022  08:08 PM             5,179 2419d454d64c8769_P.hlsl
10/20/2022  08:08 PM             2,531 2419d454d64c8769_V.hlsl
10/18/2022  04:26 PM             8,385 241c76459c79f58_P.hlsl
10/18/2022  04:26 PM             5,473 241c76459c79f58_V.hlsl
07/04/2022  11:57 PM             7,209 2441fbb1c5f77e6a_P.hlsl
07/04/2022  11:57 PM             3,976 2441fbb1c5f77e6a_V.hlsl
10/20/2022  08:08 PM             7,337 247040a01662ee44_P.hlsl
10/20/2022  08:08 PM             4,032 247040a01662ee44_V.hlsl
10/18/2022  04:23 PM             6,498 24873ef83950d14f_P.hlsl
10/18/2022  04:23 PM             3,563 24873ef83950d14f_V.hlsl
10/20/2022  08:09 PM             7,439 24b63d029ab10a98_P.hlsl
10/20/2022  08:09 PM             3,990 24b63d029ab10a98_V.hlsl
10/18/2022  04:30 PM             7,332 24d5823872c44d4c_P.hlsl
10/18/2022  04:30 PM             4,232 24d5823872c44d4c_V.hlsl
10/20/2022  08:02 PM             9,525 24dc850009043a2d_P.hlsl
10/20/2022  08:02 PM             5,004 24dc850009043a2d_V.hlsl
10/17/2022  02:55 PM             7,616 24e642de531e6119_P.hlsl
10/17/2022  02:55 PM             3,719 24e642de531e6119_V.hlsl
07/07/2022  02:47 PM            15,188 25025363789bfc2c_P.hlsl
07/07/2022  02:47 PM             6,218 25025363789bfc2c_V.hlsl
10/18/2022  04:26 PM             7,560 25035495e36758f8_P.hlsl
10/18/2022  04:26 PM             4,345 25035495e36758f8_V.hlsl
07/12/2022  01:20 PM             8,851 2519c0d18a0922f7_P.hlsl
07/12/2022  01:20 PM             4,681 2519c0d18a0922f7_V.hlsl
07/04/2022  11:29 PM             9,500 2520c578dcf90709_P.hlsl
07/04/2022  11:29 PM             4,962 2520c578dcf90709_V.hlsl
07/04/2022  11:57 PM             7,021 2540611af56b00e8_P.hlsl
07/04/2022  11:57 PM             3,968 2540611af56b00e8_V.hlsl
10/18/2022  04:22 PM             6,298 2554d5bb7df199f6_P.hlsl
10/18/2022  04:22 PM             3,384 2554d5bb7df199f6_V.hlsl
07/11/2022  08:10 PM            12,987 2555c01682af0305_P.hlsl
07/11/2022  08:10 PM             6,635 2555c01682af0305_V.hlsl
10/20/2022  07:55 PM             8,008 25579d345837e74f_P.hlsl
10/20/2022  07:55 PM             4,466 25579d345837e74f_V.hlsl
10/18/2022  04:22 PM             7,574 25660deb54ba439f_P.hlsl
10/18/2022  04:22 PM             4,211 25660deb54ba439f_V.hlsl
10/18/2022  04:23 PM             7,615 25706198eac7844f_P.hlsl
10/18/2022  04:23 PM             3,980 25706198eac7844f_V.hlsl
10/20/2022  08:08 PM             7,412 257b368e9573354c_P.hlsl
10/20/2022  08:08 PM             3,938 257b368e9573354c_V.hlsl
07/07/2022  03:08 PM             7,159 2595ccd3af4f64f8_P.hlsl
07/07/2022  03:08 PM             3,810 2595ccd3af4f64f8_V.hlsl
10/18/2022  04:27 PM             3,142 259931d4ccf455ef_P.hlsl
10/18/2022  04:27 PM             1,831 259931d4ccf455ef_V.hlsl
07/09/2022  08:03 PM            15,220 259b9ab3df82944c_P.hlsl
07/09/2022  08:03 PM             6,330 259b9ab3df82944c_V.hlsl
07/04/2022  11:57 PM             6,682 259eaaf916e519a9_P.hlsl
07/04/2022  11:57 PM             3,806 259eaaf916e519a9_V.hlsl
08/17/2022  09:36 PM             8,392 25a17f99d0a9a1ce_P.hlsl
08/17/2022  09:36 PM             4,458 25a17f99d0a9a1ce_V.hlsl
10/18/2022  04:23 PM             6,826 25a2574936d53921_P.hlsl
10/18/2022  04:23 PM             3,821 25a2574936d53921_V.hlsl
10/18/2022  04:25 PM             9,034 25c8c5a07ea8ac60_P.hlsl
10/18/2022  04:25 PM             4,818 25c8c5a07ea8ac60_V.hlsl
10/17/2022  02:55 PM             8,342 25cc43af3e29f22d_P.hlsl
10/17/2022  02:55 PM             4,408 25cc43af3e29f22d_V.hlsl
07/07/2022  02:47 PM             9,478 261a9253135e322b_P.hlsl
07/07/2022  02:47 PM             4,987 261a9253135e322b_V.hlsl
10/20/2022  08:02 PM             7,148 26210d8aaf993982_P.hlsl
10/20/2022  08:02 PM             4,909 26210d8aaf993982_V.hlsl
10/18/2022  04:26 PM            13,300 26212b63dd85a8e7_P.hlsl
10/18/2022  04:26 PM             5,809 26212b63dd85a8e7_V.hlsl
10/20/2022  07:55 PM             7,301 2626eb9f57b9a48c_P.hlsl
10/20/2022  07:55 PM             3,687 2626eb9f57b9a48c_V.hlsl
10/18/2022  04:22 PM             5,911 263167c54a0d390f_P.hlsl
10/18/2022  04:22 PM             2,711 263167c54a0d390f_V.hlsl
10/17/2022  02:55 PM             6,947 26401c9143b74f97_P.hlsl
10/17/2022  02:55 PM             3,853 26401c9143b74f97_V.hlsl
10/17/2022  02:55 PM             6,099 264cad3ddbdb1cb1_P.hlsl
10/17/2022  02:55 PM             2,884 264cad3ddbdb1cb1_V.hlsl
10/20/2022  08:22 PM             9,275 2656dc7a69c18535_P.hlsl
10/20/2022  08:22 PM             5,720 2656dc7a69c18535_V.hlsl
10/20/2022  08:07 PM             7,071 265cca0b9daa085b_P.hlsl
10/20/2022  08:07 PM             4,018 265cca0b9daa085b_V.hlsl
10/20/2022  08:02 PM             8,937 2661ee2821fc43b6_P.hlsl
10/20/2022  08:02 PM             5,676 2661ee2821fc43b6_V.hlsl
10/20/2022  08:07 PM             7,259 2666d6cdd47f408f_P.hlsl
10/20/2022  08:07 PM             4,109 2666d6cdd47f408f_V.hlsl
10/20/2022  08:09 PM             6,749 268aa0f4a21301ee_P.hlsl
10/20/2022  08:09 PM             3,801 268aa0f4a21301ee_V.hlsl
10/17/2022  02:55 PM             7,376 269a0caaadcede3f_P.hlsl
10/17/2022  02:55 PM             4,098 269a0caaadcede3f_V.hlsl
07/22/2022  02:37 PM            13,195 26c16c1ef2c55191_P.hlsl
07/22/2022  02:37 PM             7,130 26c16c1ef2c55191_V.hlsl
10/20/2022  08:08 PM             8,231 26c235489f46545a_P.hlsl
10/20/2022  08:08 PM             4,375 26c235489f46545a_V.hlsl
07/04/2022  11:57 PM             7,727 26d91bf03ddf8e5d_P.hlsl
07/04/2022  11:57 PM             3,921 26d91bf03ddf8e5d_V.hlsl
10/20/2022  08:09 PM             7,082 26db3e7122b8237f_P.hlsl
10/20/2022  08:09 PM             4,015 26db3e7122b8237f_V.hlsl
07/05/2022  12:11 AM             7,009 26ded6b19726ed7d_P.hlsl
07/05/2022  12:11 AM             4,924 26ded6b19726ed7d_V.hlsl
10/20/2022  08:08 PM             8,352 26e02c1dc2eb8369_P.hlsl
10/20/2022  08:08 PM             4,407 26e02c1dc2eb8369_V.hlsl
10/14/2022  12:59 PM            15,294 26f279656416b2da_P.hlsl
10/14/2022  12:59 PM             6,301 26f279656416b2da_V.hlsl
10/14/2022  12:48 PM             9,108 2719b9d31e34bb06_P.hlsl
10/14/2022  12:48 PM             4,838 2719b9d31e34bb06_V.hlsl
10/14/2022  12:48 PM             7,919 271aa93ed065cc5_P.hlsl
10/14/2022  12:48 PM             4,231 271aa93ed065cc5_V.hlsl
10/14/2022  12:51 PM             7,686 271af725fa9fae89_P.hlsl
10/14/2022  12:51 PM             5,220 271af725fa9fae89_V.hlsl
10/17/2022  02:55 PM             5,481 273044aa0a462802_P.hlsl
10/17/2022  02:55 PM             2,776 273044aa0a462802_V.hlsl
10/20/2022  08:31 PM             7,181 2742f37478221c12_P.hlsl
10/20/2022  08:31 PM             4,070 2742f37478221c12_V.hlsl
10/18/2022  04:31 PM             7,872 275795525fe0c855_P.hlsl
10/18/2022  04:31 PM             5,228 275795525fe0c855_V.hlsl
10/20/2022  08:08 PM             6,918 276c266759ade401_P.hlsl
10/20/2022  08:08 PM             3,915 276c266759ade401_V.hlsl
10/20/2022  08:08 PM             6,199 277d66c3d53db31_P.hlsl
10/20/2022  08:08 PM             3,516 277d66c3d53db31_V.hlsl
10/18/2022  04:30 PM             7,282 27986ca33dc0c868_P.hlsl
10/18/2022  04:30 PM             4,182 27986ca33dc0c868_V.hlsl
10/18/2022  04:27 PM            13,037 279e41396739cbe5_P.hlsl
10/18/2022  04:27 PM             6,685 279e41396739cbe5_V.hlsl
10/17/2022  03:04 PM             4,841 27ba1eb6322cbc01_P.hlsl
10/17/2022  03:04 PM             2,445 27ba1eb6322cbc01_V.hlsl
10/14/2022  12:41 PM             7,412 27bee8085489b5f7_P.hlsl
10/14/2022  12:41 PM             4,192 27bee8085489b5f7_V.hlsl
10/18/2022  04:23 PM             6,480 27cc69ef7f8fbc29_P.hlsl
10/18/2022  04:23 PM             3,631 27cc69ef7f8fbc29_V.hlsl
10/20/2022  07:55 PM             8,128 27d70370147cc6c0_P.hlsl
10/20/2022  07:55 PM             4,308 27d70370147cc6c0_V.hlsl
10/17/2022  02:57 PM            14,850 27f96dbf06da2fc6_P.hlsl
10/17/2022  02:57 PM             6,186 27f96dbf06da2fc6_V.hlsl
10/20/2022  08:08 PM             7,517 280ae88091b52dac_P.hlsl
10/20/2022  08:08 PM             4,252 280ae88091b52dac_V.hlsl
10/17/2022  02:55 PM             7,987 280b50ef2ee5b195_P.hlsl
10/17/2022  02:55 PM             4,376 280b50ef2ee5b195_V.hlsl
10/20/2022  07:55 PM            16,302 280c93025a290ecd_P.hlsl
10/20/2022  07:55 PM             7,475 280c93025a290ecd_V.hlsl
10/20/2022  08:07 PM             7,133 281b64f5d803c069_P.hlsl
10/20/2022  08:07 PM             3,494 281b64f5d803c069_V.hlsl
10/18/2022  04:23 PM             6,612 282ee3c04d1286a3_P.hlsl
10/18/2022  04:23 PM             3,550 282ee3c04d1286a3_V.hlsl
10/18/2022  04:25 PM            15,238 284725643e8f5369_P.hlsl
10/18/2022  04:25 PM             6,268 284725643e8f5369_V.hlsl
10/20/2022  08:07 PM             6,634 285006b1e6e8b9f8_P.hlsl
10/20/2022  08:07 PM             3,295 285006b1e6e8b9f8_V.hlsl
10/18/2022  04:42 PM             9,165 2855f8b4b5dd42fe_P.hlsl
10/18/2022  04:42 PM             4,424 2855f8b4b5dd42fe_V.hlsl
10/17/2022  02:55 PM             4,963 2872cd2fa4180833_P.hlsl
10/17/2022  02:55 PM             2,347 2872cd2fa4180833_V.hlsl
10/14/2022  12:48 PM             6,812 288663fb1770429c_P.hlsl
10/14/2022  12:48 PM             3,902 288663fb1770429c_V.hlsl
10/20/2022  08:09 PM             6,212 28963a1948cf935e_P.hlsl
10/20/2022  08:09 PM             3,535 28963a1948cf935e_V.hlsl
07/07/2022  03:08 PM             6,811 2898dfec01f3910d_P.hlsl
07/07/2022  03:08 PM             3,909 2898dfec01f3910d_V.hlsl
10/17/2022  02:55 PM             6,489 28a089537f25827a_P.hlsl
10/17/2022  02:55 PM             3,704 28a089537f25827a_V.hlsl
10/20/2022  07:55 PM             7,636 28aeec2ffbf93673_P.hlsl
10/20/2022  07:55 PM             5,030 28aeec2ffbf93673_V.hlsl
10/20/2022  08:10 PM             5,763 28e8ab682b62bb6b_P.hlsl
10/20/2022  08:10 PM             3,200 28e8ab682b62bb6b_V.hlsl
07/04/2022  11:57 PM             8,431 28f49eb345dc8f6f_P.hlsl
07/04/2022  11:57 PM             4,395 28f49eb345dc8f6f_V.hlsl
10/18/2022  04:22 PM             6,278 28f5e9f2f529a4ba_P.hlsl
10/18/2022  04:22 PM             3,143 28f5e9f2f529a4ba_V.hlsl
10/18/2022  04:22 PM             7,270 28f60fbe39ad909c_P.hlsl
10/18/2022  04:22 PM             4,048 28f60fbe39ad909c_V.hlsl
07/04/2022  03:50 PM            16,006 29012c15a9e7cff6_P.hlsl
07/04/2022  03:50 PM             7,509 29012c15a9e7cff6_V.hlsl
07/04/2022  11:57 PM             7,051 291126d65577393f_P.hlsl
07/04/2022  11:57 PM             4,458 291126d65577393f_V.hlsl
10/18/2022  04:22 PM            29,586 292155b56938de95_P.hlsl
10/18/2022  04:22 PM             8,785 292155b56938de95_V.hlsl
10/20/2022  08:22 PM             8,363 2924be1c538019fc_P.hlsl
10/20/2022  08:22 PM             5,528 2924be1c538019fc_V.hlsl
10/20/2022  07:55 PM             7,972 29262b3d161f94a_P.hlsl
10/20/2022  07:55 PM             5,393 29262b3d161f94a_V.hlsl
10/18/2022  04:31 PM             7,830 2943474dd75393cf_P.hlsl
10/18/2022  04:31 PM             5,323 2943474dd75393cf_V.hlsl
10/20/2022  08:10 PM             7,756 29668436f5943a6e_P.hlsl
10/20/2022  08:10 PM             5,523 29668436f5943a6e_V.hlsl
07/04/2022  11:56 PM            33,834 29882a697d498b10_P.hlsl
07/04/2022  11:56 PM             9,457 29882a697d498b10_V.hlsl
10/18/2022  04:26 PM             8,029 299bd1842bd5aeda_P.hlsl
10/18/2022  04:26 PM             4,406 299bd1842bd5aeda_V.hlsl
10/18/2022  04:23 PM             5,191 29a8f7aa55965c3e_P.hlsl
10/18/2022  04:23 PM             2,842 29a8f7aa55965c3e_V.hlsl
10/17/2022  02:55 PM             7,837 29af24d66b25d4d5_P.hlsl
10/17/2022  02:55 PM             4,161 29af24d66b25d4d5_V.hlsl
10/20/2022  07:55 PM             6,351 29b17fa34281773d_P.hlsl
10/20/2022  07:55 PM             4,381 29b17fa34281773d_V.hlsl
10/18/2022  04:23 PM             6,414 29eac36b968765b7_P.hlsl
10/18/2022  04:23 PM             3,565 29eac36b968765b7_V.hlsl
10/20/2022  07:55 PM             3,900 29f5308fb1a41066_P.hlsl
10/20/2022  07:55 PM             3,074 29f5308fb1a41066_V.hlsl
10/20/2022  08:07 PM             7,488 29fa13d07efdee83_P.hlsl
10/20/2022  08:07 PM             4,139 29fa13d07efdee83_V.hlsl
10/20/2022  07:55 PM             6,978 2a279dfb2f719cc2_P.hlsl
10/20/2022  07:55 PM             3,801 2a279dfb2f719cc2_V.hlsl
10/18/2022  04:26 PM             6,739 2a338755300455d8_P.hlsl
10/18/2022  04:26 PM             3,946 2a338755300455d8_V.hlsl
07/11/2022  08:23 PM             7,722 2a39690b63862750_P.hlsl
07/11/2022  08:23 PM             4,178 2a39690b63862750_V.hlsl
10/20/2022  08:09 PM             7,526 2a3eb8c4d0bfa7e0_P.hlsl
10/20/2022  08:09 PM             4,242 2a3eb8c4d0bfa7e0_V.hlsl
07/12/2022  01:22 PM            14,900 2a4d23d03133a187_P.hlsl
07/12/2022  01:22 PM             6,236 2a4d23d03133a187_V.hlsl
10/18/2022  04:26 PM             4,160 2a4fabd2ca349f99_P.hlsl
10/18/2022  04:26 PM             2,824 2a4fabd2ca349f99_V.hlsl
10/20/2022  08:31 PM             9,272 2a9aeb574eb54930_P.hlsl
10/20/2022  08:31 PM             4,894 2a9aeb574eb54930_V.hlsl
10/20/2022  08:08 PM             4,785 2aa0476ba0108d86_P.hlsl
10/20/2022  08:08 PM             2,269 2aa0476ba0108d86_V.hlsl
07/09/2022  10:19 PM             7,056 2aa3786a0bbc58ef_P.hlsl
07/09/2022  10:19 PM             3,893 2aa3786a0bbc58ef_V.hlsl
10/18/2022  04:23 PM             6,973 2aa98fac9c410f5b_P.hlsl
10/18/2022  04:23 PM             3,862 2aa98fac9c410f5b_V.hlsl
07/11/2022  08:23 PM             6,704 2ad3e184df43b1f7_P.hlsl
07/11/2022  08:23 PM             3,974 2ad3e184df43b1f7_V.hlsl
10/20/2022  08:07 PM             7,654 2ae69fefe77392cb_P.hlsl
10/20/2022  08:07 PM             4,162 2ae69fefe77392cb_V.hlsl
10/18/2022  04:22 PM             8,186 2af227dbcbeca818_P.hlsl
10/18/2022  04:22 PM             4,523 2af227dbcbeca818_V.hlsl
10/20/2022  08:07 PM             6,251 2b09af0645e6ad5a_P.hlsl
10/20/2022  08:07 PM             3,138 2b09af0645e6ad5a_V.hlsl
10/18/2022  04:23 PM             7,978 2b26af23f894e299_P.hlsl
10/18/2022  04:23 PM             4,083 2b26af23f894e299_V.hlsl
07/04/2022  11:57 PM             7,709 2b2a0186e945e134_P.hlsl
07/04/2022  11:57 PM             4,033 2b2a0186e945e134_V.hlsl
10/20/2022  08:09 PM             5,039 2b343eab119bad6e_P.hlsl
10/20/2022  08:09 PM             2,786 2b343eab119bad6e_V.hlsl
10/17/2022  02:55 PM             7,241 2b36ae4d6c66773d_P.hlsl
10/17/2022  02:55 PM             4,110 2b36ae4d6c66773d_V.hlsl
10/17/2022  02:55 PM             7,809 2b4a432847272cb6_P.hlsl
10/17/2022  02:55 PM             4,121 2b4a432847272cb6_V.hlsl
10/18/2022  04:23 PM             6,442 2b501980d18c2249_P.hlsl
10/18/2022  04:23 PM             3,532 2b501980d18c2249_V.hlsl
07/07/2022  02:35 PM            16,082 2b53ec531a543f64_P.hlsl
07/07/2022  02:35 PM             7,505 2b53ec531a543f64_V.hlsl
10/20/2022  08:10 PM             6,400 2b5699cfa4240772_P.hlsl
10/20/2022  08:10 PM             3,766 2b5699cfa4240772_V.hlsl
07/05/2022  12:11 AM             7,219 2b63f8da2fca3ee9_P.hlsl
07/05/2022  12:11 AM             4,852 2b63f8da2fca3ee9_V.hlsl
07/04/2022  11:56 PM             7,741 2b684a9e4b2ce58e_P.hlsl
07/04/2022  11:56 PM             4,223 2b684a9e4b2ce58e_V.hlsl
07/04/2022  11:57 PM             7,103 2b7d11db895a95e3_P.hlsl
07/04/2022  11:57 PM             4,444 2b7d11db895a95e3_V.hlsl
07/04/2022  11:56 PM             6,693 2ba650bcd7d9fb53_P.hlsl
07/04/2022  11:56 PM             3,379 2ba650bcd7d9fb53_V.hlsl
10/20/2022  08:09 PM             4,537 2bb8de96c0ab0f0d_P.hlsl
10/20/2022  08:09 PM             2,136 2bb8de96c0ab0f0d_V.hlsl
10/20/2022  08:10 PM             5,833 2bcd04a34952d82b_P.hlsl
10/20/2022  08:10 PM             3,270 2bcd04a34952d82b_V.hlsl
10/20/2022  08:08 PM             3,653 2be4ca9f3ef1e8a4_P.hlsl
10/20/2022  08:08 PM             1,982 2be4ca9f3ef1e8a4_V.hlsl
10/20/2022  08:07 PM             7,108 2be58531f7e418af_P.hlsl
10/20/2022  08:07 PM             4,029 2be58531f7e418af_V.hlsl
10/17/2022  02:55 PM             8,633 2bf3094b6d42c30d_P.hlsl
10/17/2022  02:55 PM             5,581 2bf3094b6d42c30d_V.hlsl
10/20/2022  08:08 PM             8,011 2bf66dc09fd3bf2c_P.hlsl
10/20/2022  08:08 PM             4,275 2bf66dc09fd3bf2c_V.hlsl
10/14/2022  12:42 PM            15,458 2c0dcb024a21063c_P.hlsl
10/14/2022  12:42 PM             6,238 2c0dcb024a21063c_V.hlsl
10/18/2022  04:25 PM            13,721 2c21f7d572a5395f_P.hlsl
10/18/2022  04:25 PM             7,104 2c21f7d572a5395f_V.hlsl
10/17/2022  03:03 PM             7,652 2c2cdcdb85160c3_P.hlsl
10/17/2022  03:03 PM             5,204 2c2cdcdb85160c3_V.hlsl
10/14/2022  12:48 PM             8,277 2c5c992272dfc2da_P.hlsl
10/14/2022  12:48 PM             4,539 2c5c992272dfc2da_V.hlsl
10/18/2022  04:25 PM             7,182 2c722aac3512d616_P.hlsl
10/18/2022  04:25 PM             4,017 2c722aac3512d616_V.hlsl
10/14/2022  12:51 PM             8,088 2c7bd7693db45255_P.hlsl
10/14/2022  12:51 PM             5,466 2c7bd7693db45255_V.hlsl
10/17/2022  02:55 PM             7,903 2c7c2527b3f652dc_P.hlsl
10/17/2022  02:55 PM             4,227 2c7c2527b3f652dc_V.hlsl
10/18/2022  04:24 PM             9,916 2c8d86cc55b80b6_P.hlsl
10/18/2022  04:24 PM             6,127 2c8d86cc55b80b6_V.hlsl
10/20/2022  08:22 PM            13,235 2c92fd7e0f468a74_P.hlsl
10/20/2022  08:22 PM             6,040 2c92fd7e0f468a74_V.hlsl
07/04/2022  11:57 PM             7,076 2c9c3291cb3584b7_P.hlsl
07/04/2022  11:57 PM             3,895 2c9c3291cb3584b7_V.hlsl
07/09/2022  10:19 PM             6,818 2cb07a4f39de79ee_P.hlsl
07/09/2022  10:19 PM             3,752 2cb07a4f39de79ee_V.hlsl
10/20/2022  08:07 PM             6,513 2cb280f47a96901e_P.hlsl
10/20/2022  08:07 PM             3,263 2cb280f47a96901e_V.hlsl
10/20/2022  07:55 PM             3,656 2cc3db8310996071_P.hlsl
10/20/2022  07:55 PM             2,120 2cc3db8310996071_V.hlsl
10/20/2022  07:55 PM             6,912 2cd39fb032d002c7_P.hlsl
10/20/2022  07:55 PM             3,822 2cd39fb032d002c7_V.hlsl
10/18/2022  04:31 PM             8,937 2cd86176ce46196_P.hlsl
10/18/2022  04:31 PM             5,676 2cd86176ce46196_V.hlsl
07/11/2022  08:05 PM             9,912 2d01f2171d31aff1_P.hlsl
07/11/2022  08:05 PM             6,123 2d01f2171d31aff1_V.hlsl
10/18/2022  04:22 PM             6,715 2d0f722fa327b443_P.hlsl
10/18/2022  04:22 PM             3,866 2d0f722fa327b443_V.hlsl
10/20/2022  07:55 PM             7,979 2d10e00596d12874_P.hlsl
10/20/2022  07:55 PM             4,356 2d10e00596d12874_V.hlsl
10/20/2022  08:31 PM             8,765 2d1547362b681b38_P.hlsl
10/20/2022  08:31 PM             4,586 2d1547362b681b38_V.hlsl
07/11/2022  08:23 PM             7,372 2d18a12551e900c9_P.hlsl
07/11/2022  08:23 PM             4,119 2d18a12551e900c9_V.hlsl
10/20/2022  07:55 PM             6,283 2d279ab9701514fa_P.hlsl
10/20/2022  07:55 PM             3,634 2d279ab9701514fa_V.hlsl
10/17/2022  03:04 PM             5,238 2d318b182222d24e_P.hlsl
10/17/2022  03:04 PM             3,140 2d318b182222d24e_V.hlsl
10/17/2022  03:04 PM             4,643 2d448a047eb8940b_P.hlsl
10/17/2022  03:04 PM             1,952 2d448a047eb8940b_V.hlsl
10/18/2022  04:26 PM             9,695 2d489b1eced7e2cf_P.hlsl
10/18/2022  04:26 PM             5,930 2d489b1eced7e2cf_V.hlsl
10/20/2022  08:10 PM             5,943 2d58748ce91b91ea_P.hlsl
10/20/2022  08:10 PM             3,203 2d58748ce91b91ea_V.hlsl
10/20/2022  08:07 PM             6,137 2d594677c3940699_P.hlsl
10/20/2022  08:07 PM             3,452 2d594677c3940699_V.hlsl
10/14/2022  12:48 PM            14,044 2d71cb3db79e1375_P.hlsl
10/14/2022  12:48 PM             7,261 2d71cb3db79e1375_V.hlsl
10/14/2022  12:48 PM             7,600 2da163eaef27c1d2_P.hlsl
10/14/2022  12:48 PM             4,385 2da163eaef27c1d2_V.hlsl
10/18/2022  04:28 PM             6,810 2dba600285d75019_P.hlsl
10/18/2022  04:28 PM             3,702 2dba600285d75019_V.hlsl
10/18/2022  04:26 PM             4,015 2dc7987d3f509105_P.hlsl
 Directory of C:\Users\ANDREIDENISNICOLAIDI\AppData\Local\Packages

09/09/2022  04:29 PM    <DIR>          .
09/09/2022  04:29 PM    <DIR>          ..
06/30/2022  02:07 PM    <DIR>          1527c705-839a-4832-9118-54d4Bd6a0c89_cw5n1h2txyewy
07/04/2022  04:39 PM    <DIR>          28017CharlesMilette.TranslucentTB_v826wp6bftszj
06/30/2022  01:53 PM    <DIR>          ActiveSync
06/30/2022  02:07 PM    <DIR>          c5e2524a-ea46-4f67-841f-6a9465d9d515_cw5n1h2txyewy
09/02/2022  11:13 AM    <DIR>          cr.sb.cdm3e4d1a088c1f6d498c84f3c86de73ce49f82a104
07/09/2022  04:28 PM    <DIR>          cr.sb.cdmf5200eafd3ad904629cbb0f87a78a3c7211081fe
07/04/2022  06:16 PM    <DIR>          cr.sb.xrf5200eafd3ad904629cbb0f87a78a3c7211081fe
06/30/2022  02:07 PM    <DIR>          E2A4F912-2574-4A75-9BB0-0D023378592B_cw5n1h2txyewy
06/30/2022  02:07 PM    <DIR>          F46D4000-FD22-4DB4-AC8E-4E1DDDE828FE_cw5n1h2txyewy
06/30/2022  01:51 PM    <DIR>          Microsoft.549981C3F5F10_8wekyb3d8bbwe
06/30/2022  01:51 PM    <DIR>          Microsoft.AAD.BrokerPlugin_cw5n1h2txyewy
06/30/2022  02:07 PM    <DIR>          Microsoft.AccountsControl_cw5n1h2txyewy
06/30/2022  02:07 PM    <DIR>          Microsoft.AsyncTextService_8wekyb3d8bbwe
06/30/2022  02:08 PM    <DIR>          Microsoft.BingWeather_8wekyb3d8bbwe
06/30/2022  01:51 PM    <DIR>          Microsoft.BioEnrollment_cw5n1h2txyewy
06/30/2022  02:07 PM    <DIR>          Microsoft.CredDialogHost_cw5n1h2txyewy
06/30/2022  01:51 PM    <DIR>          Microsoft.DesktopAppInstaller_8wekyb3d8bbwe
06/30/2022  02:07 PM    <DIR>          Microsoft.ECApp_8wekyb3d8bbwe
06/30/2022  02:08 PM    <DIR>          Microsoft.GetHelp_8wekyb3d8bbwe
06/30/2022  02:08 PM    <DIR>          Microsoft.Getstarted_8wekyb3d8bbwe
06/30/2022  02:08 PM    <DIR>          Microsoft.HEIFImageExtension_8wekyb3d8bbwe
06/30/2022  02:07 PM    <DIR>          Microsoft.LockApp_cw5n1h2txyewy
06/30/2022  02:08 PM    <DIR>          Microsoft.Microsoft3DViewer_8wekyb3d8bbwe
06/30/2022  01:51 PM    <DIR>          Microsoft.MicrosoftEdge.Stable_8wekyb3d8bbwe
06/30/2022  02:07 PM    <DIR>          Microsoft.MicrosoftEdgeDevToolsClient_8wekyb3d8bbwe
06/30/2022  01:51 PM    <DIR>          Microsoft.MicrosoftEdge_8wekyb3d8bbwe
06/30/2022  02:08 PM    <DIR>          Microsoft.MicrosoftOfficeHub_8wekyb3d8bbwe
06/30/2022  02:08 PM    <DIR>          Microsoft.MicrosoftSolitaireCollection_8wekyb3d8bbwe
06/30/2022  02:08 PM    <DIR>          Microsoft.MicrosoftStickyNotes_8wekyb3d8bbwe
06/30/2022  02:08 PM    <DIR>          Microsoft.MixedReality.Portal_8wekyb3d8bbwe
06/30/2022  02:08 PM    <DIR>          Microsoft.MSPaint_8wekyb3d8bbwe
07/15/2022  03:46 PM    <DIR>          Microsoft.NET.Native.Framework.1.3_8wekyb3d8bbwe
06/30/2022  01:51 PM    <DIR>          Microsoft.NET.Native.Framework.1.7_8wekyb3d8bbwe
06/30/2022  01:51 PM    <DIR>          Microsoft.NET.Native.Framework.2.2_8wekyb3d8bbwe
07/15/2022  03:46 PM    <DIR>          Microsoft.NET.Native.Runtime.1.4_8wekyb3d8bbwe
06/30/2022  01:51 PM    <DIR>          Microsoft.NET.Native.Runtime.1.7_8wekyb3d8bbwe
06/30/2022  01:51 PM    <DIR>          Microsoft.NET.Native.Runtime.2.2_8wekyb3d8bbwe
06/30/2022  02:08 PM    <DIR>          Microsoft.Office.OneNote_8wekyb3d8bbwe
06/30/2022  02:08 PM    <DIR>          Microsoft.People_8wekyb3d8bbwe
06/30/2022  02:08 PM    <DIR>          Microsoft.ScreenSketch_8wekyb3d8bbwe
06/30/2022  02:07 PM    <DIR>          Microsoft.SkypeApp_kzf8qxf38zg5c
06/30/2022  02:08 PM    <DIR>          Microsoft.StorePurchaseApp_8wekyb3d8bbwe
06/30/2022  01:51 PM    <DIR>          Microsoft.UI.Xaml.2.0_8wekyb3d8bbwe
07/03/2022  07:50 PM    <DIR>          Microsoft.UI.Xaml.2.1_8wekyb3d8bbwe
07/03/2022  07:52 PM    <DIR>          Microsoft.UI.Xaml.2.3_8wekyb3d8bbwe
07/03/2022  07:52 PM    <DIR>          Microsoft.UI.Xaml.2.4_8wekyb3d8bbwe
07/03/2022  07:52 PM    <DIR>          Microsoft.UI.Xaml.2.7_8wekyb3d8bbwe
09/09/2022  04:29 PM    <DIR>          Microsoft.UI.Xaml.2.8_8wekyb3d8bbwe
06/30/2022  01:51 PM    <DIR>          Microsoft.VCLibs.140.00.UWPDesktop_8wekyb3d8bbwe
06/30/2022  01:51 PM    <DIR>          Microsoft.VCLibs.140.00_8wekyb3d8bbwe
06/30/2022  02:08 PM    <DIR>          Microsoft.VP9VideoExtensions_8wekyb3d8bbwe
06/30/2022  02:08 PM    <DIR>          Microsoft.Wallet_8wekyb3d8bbwe
06/30/2022  02:08 PM    <DIR>          Microsoft.WebMediaExtensions_8wekyb3d8bbwe
06/30/2022  02:08 PM    <DIR>          Microsoft.WebpImageExtension_8wekyb3d8bbwe
06/30/2022  02:07 PM    <DIR>          Microsoft.Win32WebViewHost_cw5n1h2txyewy
06/30/2022  02:07 PM    <DIR>          Microsoft.Windows.Apprep.ChxApp_cw5n1h2txyewy
06/30/2022  02:07 PM    <DIR>          Microsoft.Windows.AssignedAccessLockApp_cw5n1h2txyewy
06/30/2022  02:07 PM    <DIR>          Microsoft.Windows.CallingShellApp_cw5n1h2txyewy
06/30/2022  02:07 PM    <DIR>          Microsoft.Windows.CapturePicker_cw5n1h2txyewy
06/30/2022  01:51 PM    <DIR>          Microsoft.Windows.CloudExperienceHost_cw5n1h2txyewy
06/30/2022  01:51 PM    <DIR>          Microsoft.Windows.ContentDeliveryManager_cw5n1h2txyewy
06/30/2022  02:07 PM    <DIR>          Microsoft.Windows.NarratorQuickStart_8wekyb3d8bbwe
06/30/2022  01:51 PM    <DIR>          Microsoft.Windows.OOBENetworkCaptivePortal_cw5n1h2txyewy
06/30/2022  01:51 PM    <DIR>          Microsoft.Windows.OOBENetworkConnectionFlow_cw5n1h2txyewy
06/30/2022  02:07 PM    <DIR>          Microsoft.Windows.ParentalControls_cw5n1h2txyewy
06/30/2022  02:07 PM    <DIR>          Microsoft.Windows.PeopleExperienceHost_cw5n1h2txyewy
06/30/2022  01:51 PM    <DIR>          Microsoft.Windows.Photos_8wekyb3d8bbwe
06/30/2022  02:07 PM    <DIR>          Microsoft.Windows.PinningConfirmationDialog_cw5n1h2txyewy
06/30/2022  01:51 PM    <DIR>          Microsoft.Windows.Search_cw5n1h2txyewy
06/30/2022  02:07 PM    <DIR>          Microsoft.Windows.SecHealthUI_cw5n1h2txyewy
06/30/2022  02:07 PM    <DIR>          Microsoft.Windows.SecureAssessmentBrowser_cw5n1h2txyewy
06/30/2022  01:51 PM    <DIR>          Microsoft.Windows.ShellExperienceHost_cw5n1h2txyewy
06/30/2022  01:51 PM    <DIR>          Microsoft.Windows.StartMenuExperienceHost_cw5n1h2txyewy
06/30/2022  02:07 PM    <DIR>          Microsoft.Windows.XGpuEjectDialog_cw5n1h2txyewy
06/30/2022  02:07 PM    <DIR>          Microsoft.WindowsAlarms_8wekyb3d8bbwe
06/30/2022  02:08 PM    <DIR>          Microsoft.WindowsCalculator_8wekyb3d8bbwe
06/30/2022  01:51 PM    <DIR>          Microsoft.WindowsCamera_8wekyb3d8bbwe
06/30/2022  01:51 PM    <DIR>          microsoft.windowscommunicationsapps_8wekyb3d8bbwe
06/30/2022  02:08 PM    <DIR>          Microsoft.WindowsFeedbackHub_8wekyb3d8bbwe
06/30/2022  02:08 PM    <DIR>          Microsoft.WindowsMaps_8wekyb3d8bbwe
06/30/2022  02:08 PM    <DIR>          Microsoft.WindowsSoundRecorder_8wekyb3d8bbwe
06/30/2022  01:51 PM    <DIR>          Microsoft.WindowsStore_8wekyb3d8bbwe
06/30/2022  02:08 PM    <DIR>          Microsoft.Xbox.TCUI_8wekyb3d8bbwe

 Directory of C:\Users\ANDREIDENISNICOLAIDI\Desktop\Projects\Cloud Systems\1 Cult Launcher\Cult Launcher Data Breaches\Cult_Launcher\Cult_Launcher\publish\Application Files\Cult_Launcher_6_6_6_6

08/06/2022  03:12 PM    <DIR>          .
08/06/2022  03:12 PM    <DIR>          ..
06/22/2022  12:35 PM           937,724 CloudSystemCult.dll.deploy
05/04/2022  01:53 PM            32,591 Console.ico.deploy
05/22/2020  10:06 AM            16,384 ConsoleControl.dll.deploy
05/22/2020  10:06 AM            11,264 ConsoleControlAPI.dll.deploy
07/04/2022  07:22 PM             5,720 Cult_Launcher.application
06/18/2022  12:19 PM             1,054 Cult_Launcher.exe.config.deploy
07/04/2022  07:22 PM         5,916,168 Cult_Launcher.exe.deploy
07/04/2022  07:22 PM            24,059 Cult_Launcher.exe.manifest
06/07/2022  03:07 PM         8,388,608 Database1.mdf.deploy
06/07/2022  03:07 PM         8,388,608 Database1_log.ldf.deploy
06/21/2022  01:10 PM           161,862 Designbolts-Despicable-Me-2-Minion-Bananas.ico.deploy
06/21/2022  01:12 PM           161,862 Designbolts-Despicable-Me-2-Minion-Dancing.ico.deploy
05/18/2022  05:23 PM           168,174 Hopstarter-Malware-Spy.ico.deploy
05/18/2022  05:26 PM           164,882 Icons8-Halloween-Horror-knife.ico.deploy
06/26/2022  06:30 PM             4,086 Image1.ico.deploy
06/01/2022  05:48 PM           198,212 Jonathan-Rey-Simpsons-Bart-Simpson-03-Scare.ico.deploy
06/01/2022  05:45 PM           189,631 Jonathan-Rey-Simpsons-Homer-Simpson-01-Donut.ico.deploy
06/17/2022  10:12 PM             1,322 LINCENSE.txt.deploy
10/23/2021  02:48 AM            20,072 Microsoft.Win32.Registry.AccessControl.dll.deploy
10/19/2020  09:37 PM            26,496 Microsoft.Win32.Registry.dll.deploy
03/14/2022  08:08 PM            23,680 Microsoft.Win32.SystemEvents.dll.deploy
05/18/2022  05:34 PM           239,678 R.ico.deploy
01/12/2013  04:49 PM            30,208 SKGL.dll.deploy
01/12/2013  01:26 PM         1,292,288 Software Protector.exe.deploy
10/23/2021  02:51 AM            53,360 System.Drawing.Common.dll.deploy
10/19/2020  09:39 PM            28,552 System.IO.FileSystem.AccessControl.dll.deploy
06/06/2018  04:29 PM            25,744 System.IO.Pipes.AccessControl.dll.deploy
10/23/2021  02:45 AM            35,952 System.Security.AccessControl.dll.deploy
10/19/2020  09:46 PM            18,312 System.Security.Principal.Windows.dll.deploy
10/23/2021  02:52 AM            30,320 System.Threading.AccessControl.dll.deploy
06/07/2022  03:03 PM               730 Welcome.txt.deploy
06/07/2022  03:05 PM               186 WinScript1.wsf.deploy
05/14/2022  07:21 PM           170,548 Xenatt-Minimalism-App-Launcher.ico.deploy
              33 File(s)     26,768,337 bytes